<?xml version="1.0" encoding="UTF-8"?>
<!-- Generated by org.testng.reporters.JUnitReportReporter -->
<testsuite skipped="0" hostname="ganespal" name="com.training.sanity.tests.TestCase44" tests="1" failures="0" timestamp="09 Mar 2019 16:20:13 GMT" time="53.337" errors="0">
  <testcase name="TestDescription" time="53.337" classname="com.training.sanity.tests.TestCase44"/>
</testsuite> <!-- com.training.sanity.tests.TestCase44 -->
