<?xml version="1.0" encoding="UTF-8"?>
<!-- Generated by org.testng.reporters.JUnitReportReporter -->
<testsuite skipped="0" hostname="ganespal" name="com.training.sanity.tests.TestCase43" tests="1" failures="0" timestamp="08 Mar 2019 17:10:54 GMT" time="49.365" errors="0">
  <testcase name="TestDescription" time="49.365" classname="com.training.sanity.tests.TestCase43"/>
</testsuite> <!-- com.training.sanity.tests.TestCase43 -->
