<?xml version="1.0" encoding="UTF-8"?>
<!-- Generated by org.testng.reporters.JUnitReportReporter -->
<testsuite skipped="0" hostname="ganespal" name="com.training.sanity.tests.TestCase14" tests="1" failures="0" timestamp="07 Mar 2019 13:42:10 GMT" time="143.843" errors="0">
  <testcase name="TestProfilePassword" time="143.843" classname="com.training.sanity.tests.TestCase14"/>
</testsuite> <!-- com.training.sanity.tests.TestCase14 -->
