<?xml version="1.0" encoding="UTF-8"?>
<!-- Generated by org.testng.reporters.JUnitReportReporter -->
<testsuite skipped="0" hostname="ganespal" name="com.training.sanity.tests.TestCase13" tests="1" failures="0" timestamp="07 Mar 2019 11:54:24 GMT" time="54.578" errors="0">
  <testcase name="TestProfilePassword" time="54.578" classname="com.training.sanity.tests.TestCase13"/>
</testsuite> <!-- com.training.sanity.tests.TestCase13 -->
