<?xml version="1.0" encoding="UTF-8"?>
<!-- Generated by org.testng.reporters.JUnitReportReporter -->
<testsuite skipped="0" hostname="ganespal" name="com.training.sanity.tests.LoginTests" tests="1" failures="0" timestamp="07 Mar 2019 10:07:07 GMT" time="45.789" errors="0">
  <testcase name="validLoginTest" time="45.789" classname="com.training.sanity.tests.LoginTests"/>
</testsuite> <!-- com.training.sanity.tests.LoginTests -->
