<?xml version="1.0" encoding="UTF-8"?>
<!-- Generated by org.testng.reporters.JUnitReportReporter -->
<testsuite skipped="0" hostname="ganespal" name="com.training.sanity.tests.TestCase11" tests="1" failures="0" timestamp="07 Mar 2019 10:31:55 GMT" time="42.098" errors="0">
  <testcase name="TestProfilePassword" time="42.098" classname="com.training.sanity.tests.TestCase11"/>
</testsuite> <!-- com.training.sanity.tests.TestCase11 -->
