<?xml version="1.0" encoding="UTF-8"?>
<!-- Generated by org.testng.reporters.JUnitReportReporter -->
<testsuite skipped="0" hostname="ganespal" name="com.training.sanity.tests.TestCase15" tests="1" failures="0" timestamp="07 Mar 2019 14:57:26 GMT" time="49.366" errors="0">
  <testcase name="TestDescription" time="49.366" classname="com.training.sanity.tests.TestCase15"/>
</testsuite> <!-- com.training.sanity.tests.TestCase15 -->
