<?xml version="1.0" encoding="UTF-8"?>
<!-- Generated by org.testng.reporters.JUnitReportReporter -->
<testsuite skipped="0" hostname="ganespal" name="com.training.sanity.tests.TestCase45" tests="1" failures="0" timestamp="09 Mar 2019 19:13:49 GMT" time="41.388" errors="0">
  <testcase name="TestDescription" time="41.388" classname="com.training.sanity.tests.TestCase45"/>
</testsuite> <!-- com.training.sanity.tests.TestCase45 -->
