<?xml version="1.0" encoding="UTF-8"?>
<!-- Generated by org.testng.reporters.JUnitReportReporter -->
<testsuite skipped="0" hostname="ganespal" name="com.training.sanity.tests.TestCase12" tests="1" failures="0" timestamp="07 Mar 2019 11:02:04 GMT" time="28.480" errors="0">
  <testcase name="TestLostPassword" time="28.480" classname="com.training.sanity.tests.TestCase12"/>
</testsuite> <!-- com.training.sanity.tests.TestCase12 -->
